<?xml version="1.0" encoding="UTF-8" ?>
<testsuite tests="19" failures="0" name="runnerClasses.TestNewtoursRunnerClass" time="0.025" errors="0" skipped="0">
  <properties>
    <property name="java.runtime.name" value="Java(TM) SE Runtime Environment"/>
    <property name="sun.boot.library.path" value="C:\Program Files\Java\jdk1.8.0_121\jre\bin"/>
    <property name="java.vm.version" value="25.121-b13"/>
    <property name="java.vm.vendor" value="Oracle Corporation"/>
    <property name="maven.multiModuleProjectDirectory" value="C:\Users\mohammad.daimi\workspace\TestFrameworkCucumber"/>
    <property name="java.vendor.url" value="http://java.oracle.com/"/>
    <property name="path.separator" value=";"/>
    <property name="guice.disable.misplaced.annotation.check" value="true"/>
    <property name="java.vm.name" value="Java HotSpot(TM) 64-Bit Server VM"/>
    <property name="file.encoding.pkg" value="sun.io"/>
    <property name="user.script" value=""/>
    <property name="user.country" value="US"/>
    <property name="sun.java.launcher" value="SUN_STANDARD"/>
    <property name="sun.os.patch.level" value="Service Pack 1"/>
    <property name="java.vm.specification.name" value="Java Virtual Machine Specification"/>
    <property name="user.dir" value="C:\Users\mohammad.daimi\workspace\TestFrameworkCucumber"/>
    <property name="java.runtime.version" value="1.8.0_121-b13"/>
    <property name="java.awt.graphicsenv" value="sun.awt.Win32GraphicsEnvironment"/>
    <property name="java.endorsed.dirs" value="C:\Program Files\Java\jdk1.8.0_121\jre\lib\endorsed"/>
    <property name="os.arch" value="amd64"/>
    <property name="java.io.tmpdir" value="C:\Users\MOHAMM~1.DAI\AppData\Local\Temp\"/>
    <property name="line.separator" value="
"/>
    <property name="java.vm.specification.vendor" value="Oracle Corporation"/>
    <property name="user.variant" value=""/>
    <property name="os.name" value="Windows 7"/>
    <property name="classworlds.conf" value="C:\Users\mohammad.daimi\workspace\.metadata\.plugins\org.eclipse.m2e.launching\launches\m2conf6626989878776773420.tmp"/>
    <property name="sun.jnu.encoding" value="Cp1252"/>
    <property name="java.library.path" value="C:\Program Files\Java\jdk1.8.0_121\bin;C:\Windows\Sun\Java\bin;C:\Windows\system32;C:\Windows;C:/Program Files/Java/jdk1.8.0_121/bin/../jre/bin/server;C:/Program Files/Java/jdk1.8.0_121/bin/../jre/bin;C:/Program Files/Java/jdk1.8.0_121/bin/../jre/lib/amd64;C:\Windows\system32;C:\Windows;C:\Windows\System32\Wbem;C:\Windows\System32\WindowsPowerShell\v1.0\;C:\Program Files\Java\jdk1.8.0_121\bin;C:\Users\mohammad.daimi\Documents\eclipse~\eclipse;;."/>
    <property name="java.specification.name" value="Java Platform API Specification"/>
    <property name="java.class.version" value="52.0"/>
    <property name="sun.management.compiler" value="HotSpot 64-Bit Tiered Compilers"/>
    <property name="os.version" value="6.1"/>
    <property name="user.home" value="C:\Users\mohammad.daimi"/>
    <property name="user.timezone" value="Asia/Calcutta"/>
    <property name="java.awt.printerjob" value="sun.awt.windows.WPrinterJob"/>
    <property name="java.specification.version" value="1.8"/>
    <property name="file.encoding" value="Cp1252"/>
    <property name="user.name" value="Mohammad.Daimi"/>
    <property name="java.class.path" value="/C:/Users/mohammad.daimi/Documents/eclipse~/eclipse/plugins/org.eclipse.m2e.maven.runtime_1.7.0.20160603-1931/jars/plexus-classworlds-2.5.2.jar"/>
    <property name="java.vm.specification.version" value="1.8"/>
    <property name="sun.arch.data.model" value="64"/>
    <property name="java.home" value="C:\Program Files\Java\jdk1.8.0_121\jre"/>
    <property name="sun.java.command" value="org.codehaus.plexus.classworlds.launcher.Launcher -B test"/>
    <property name="java.specification.vendor" value="Oracle Corporation"/>
    <property name="user.language" value="en"/>
    <property name="awt.toolkit" value="sun.awt.windows.WToolkit"/>
    <property name="java.vm.info" value="mixed mode"/>
    <property name="java.version" value="1.8.0_121"/>
    <property name="java.ext.dirs" value="C:\Program Files\Java\jdk1.8.0_121\jre\lib\ext;C:\Windows\Sun\Java\lib\ext"/>
    <property name="sun.boot.class.path" value="C:\Program Files\Java\jdk1.8.0_121\jre\lib\resources.jar;C:\Program Files\Java\jdk1.8.0_121\jre\lib\rt.jar;C:\Program Files\Java\jdk1.8.0_121\jre\lib\sunrsasign.jar;C:\Program Files\Java\jdk1.8.0_121\jre\lib\jsse.jar;C:\Program Files\Java\jdk1.8.0_121\jre\lib\jce.jar;C:\Program Files\Java\jdk1.8.0_121\jre\lib\charsets.jar;C:\Program Files\Java\jdk1.8.0_121\jre\lib\jfr.jar;C:\Program Files\Java\jdk1.8.0_121\jre\classes"/>
    <property name="java.vendor" value="Oracle Corporation"/>
    <property name="maven.home" value="C:\Users\mohammad.daimi\workspace\TestFrameworkCucumber\EMBEDDED"/>
    <property name="file.separator" value="\"/>
    <property name="java.vendor.url.bug" value="http://bugreport.sun.com/bugreport/"/>
    <property name="sun.cpu.endian" value="little"/>
    <property name="sun.io.unicode.encoding" value="UnicodeLittle"/>
    <property name="sun.desktop" value="windows"/>
    <property name="sun.cpu.isalist" value="amd64"/>
  </properties>
  <testcase classname="Scenario: Login to the website" name="Given I am at homepage of newtours website" time="0.024"/>
  <testcase classname="Scenario: Login to the website" name="When I enter username and password" time="0"/>
  <testcase classname="Scenario: Login to the website" name="And click login button" time="0"/>
  <testcase classname="Scenario: Login to the website" name="Then I am logged in and booking page is displayed" time="0"/>
  <testcase classname="Scenario: Login to the website" name="Scenario: Login to the website" time="0"/>
  <testcase classname="Scenario: Search for a one way flight from Frankfurt to Sydney" name="Given I am on the booking page" time="0"/>
  <testcase classname="Scenario: Search for a one way flight from Frankfurt to Sydney" name="When I select one way journey" time="0"/>
  <testcase classname="Scenario: Search for a one way flight from Frankfurt to Sydney" name="And source as Frankfurt" time="0"/>
  <testcase classname="Scenario: Search for a one way flight from Frankfurt to Sydney" name="And destination as Sydney" time="0"/>
  <testcase classname="Scenario: Search for a one way flight from Frankfurt to Sydney" name="And click the search button" time="0"/>
  <testcase classname="Scenario: Search for a one way flight from Frankfurt to Sydney" name="Then I see the list of available flights" time="0"/>
  <testcase classname="Scenario: Search for a one way flight from Frankfurt to Sydney" name="Scenario: Search for a one way flight from Frankfurt to Sydney" time="0"/>
  <testcase classname="Scenario: Search and select a flight" name="Given I am on the booking page" time="0"/>
  <testcase classname="Scenario: Search and select a flight" name="When I select one way journey" time="0"/>
  <testcase classname="Scenario: Search and select a flight" name="And source as Frankfurt" time="0.001"/>
  <testcase classname="Scenario: Search and select a flight" name="And destination as Sydney" time="0"/>
  <testcase classname="Scenario: Search and select a flight" name="And click the search button" time="0"/>
  <testcase classname="Scenario: Search and select a flight" name="Then I see the list of available flights" time="0"/>
  <testcase classname="Scenario: Search and select a flight" name="Scenario: Search and select a flight" time="0"/>
</testsuite>